<?xml version="1.0" encoding="UTF-8"?>
<!-- Generated by org.testng.reporters.JUnitReportReporter -->
<testsuite skipped="0" hostname="HP" name="assertionPackage.VerifyTitleDemo" tests="1" failures="0" timestamp="09 Sep 2018 06:32:40 GMT" time="7.348" errors="0">
  <testcase name="verifyTitle" time="7.348" classname="assertionPackage.VerifyTitleDemo"/>
</testsuite> <!-- assertionPackage.VerifyTitleDemo -->
