<?xml version="1.0" encoding="UTF-8"?>
<!-- Generated by org.testng.reporters.JUnitReportReporter -->
<testsuite skipped="0" hostname="HP" name="testNGPackage.Class2" tests="3" failures="0" timestamp="04 Apr 2019 14:06:58 GMT" time="0.017" errors="0">
  <testcase name="deleteVendor" time="0.007" classname="testNGPackage.Class2"/>
  <testcase name="deleteProduct" time="0.008" classname="testNGPackage.Class2"/>
  <testcase name="deleteCurrency" time="0.002" classname="testNGPackage.Class2"/>
</testsuite> <!-- testNGPackage.Class2 -->
