<?xml version="1.0" encoding="UTF-8"?>
<!-- Generated by org.testng.reporters.JUnitReportReporter -->
<testsuite skipped="0" hostname="HP" name="testNGPackage.FirstProgram" tests="3" failures="0" timestamp="23 Aug 2018 14:41:39 GMT" time="27.125" errors="0">
  <testcase name="loginDemo" time="6.526" classname="testNGPackage.FirstProgram"/>
  <testcase name="checkAdmission" time="20.594" classname="testNGPackage.FirstProgram"/>
  <testcase name="assertEquals" time="0.005" classname="testNGPackage.FirstProgram"/>
</testsuite> <!-- testNGPackage.FirstProgram -->
