<?xml version="1.0" encoding="UTF-8"?>
<!-- Generated by org.testng.reporters.JUnitReportReporter -->
<testsuite skipped="0" hostname="HP" name="testNGPackage.Class1" tests="3" failures="0" timestamp="04 Apr 2019 14:06:58 GMT" time="0.019" errors="0">
  <testcase name="addVendor" time="0.011" classname="testNGPackage.Class1"/>
  <testcase name="addProduct" time="0.005" classname="testNGPackage.Class1"/>
  <testcase name="addCurrency" time="0.003" classname="testNGPackage.Class1"/>
</testsuite> <!-- testNGPackage.Class1 -->
