<?xml version="1.0" encoding="UTF-8"?>
<!-- Generated by org.testng.reporters.JUnitReportReporter -->
<testsuite skipped="0" hostname="HP" name="testNGPackage.SecondTest" tests="1" failures="0" timestamp="23 Mar 2019 10:34:11 GMT" time="3.435" errors="0">
  <testcase name="verifyTitle" time="3.435" classname="testNGPackage.SecondTest"/>
</testsuite> <!-- testNGPackage.SecondTest -->
